nohup: ignoring input
[I 2025-04-08 02:28:37,697] A new study created in memory with name: no-name-a6c3199c-82d9-4eae-8550-01ed1d993f71
[I 2025-04-08 03:20:11,333] Trial 20 finished with value: 0.23467343169987798 and parameters: {'n_estimators': 53, 'max_depth': 11, 'min_samples_split': 19, 'min_samples_leaf': 11, 'bootstrap': False}. Best is trial 20 with value: 0.23467343169987798.
[I 2025-04-08 03:29:02,949] Trial 15 finished with value: 0.19730545583206222 and parameters: {'n_estimators': 142, 'max_depth': 10, 'min_samples_split': 16, 'min_samples_leaf': 3, 'bootstrap': True}. Best is trial 20 with value: 0.23467343169987798.
[I 2025-04-08 03:42:30,787] Trial 28 finished with value: 0.26511298071234213 and parameters: {'n_estimators': 66, 'max_depth': 14, 'min_samples_split': 13, 'min_samples_leaf': 3, 'bootstrap': False}. Best is trial 28 with value: 0.26511298071234213.
[I 2025-04-08 03:46:51,191] Trial 43 finished with value: 0.2633444808864772 and parameters: {'n_estimators': 113, 'max_depth': 21, 'min_samples_split': 8, 'min_samples_leaf': 10, 'bootstrap': True}. Best is trial 28 with value: 0.26511298071234213.
[I 2025-04-08 03:50:43,672] Trial 44 finished with value: 0.2680944844034825 and parameters: {'n_estimators': 124, 'max_depth': 43, 'min_samples_split': 12, 'min_samples_leaf': 11, 'bootstrap': True}. Best is trial 44 with value: 0.2680944844034825.
[I 2025-04-08 03:57:27,528] Trial 12 finished with value: 0.23265727230639324 and parameters: {'n_estimators': 200, 'max_depth': 12, 'min_samples_split': 6, 'min_samples_leaf': 6, 'bootstrap': True}. Best is trial 44 with value: 0.2680944844034825.
[I 2025-04-08 03:59:08,162] Trial 41 finished with value: 0.29339950910818585 and parameters: {'n_estimators': 70, 'max_depth': 48, 'min_samples_split': 15, 'min_samples_leaf': 14, 'bootstrap': False}. Best is trial 41 with value: 0.29339950910818585.
[I 2025-04-08 04:02:15,605] Trial 9 finished with value: 0.2088302495508132 and parameters: {'n_estimators': 244, 'max_depth': 10, 'min_samples_split': 3, 'min_samples_leaf': 20, 'bootstrap': True}. Best is trial 41 with value: 0.29339950910818585.
[I 2025-04-08 04:02:27,045] Trial 48 finished with value: 0.2868383075890074 and parameters: {'n_estimators': 88, 'max_depth': 15, 'min_samples_split': 15, 'min_samples_leaf': 14, 'bootstrap': False}. Best is trial 41 with value: 0.29339950910818585.
[I 2025-04-08 04:02:53,311] Trial 22 finished with value: 0.27246865317458935 and parameters: {'n_estimators': 138, 'max_depth': 41, 'min_samples_split': 20, 'min_samples_leaf': 7, 'bootstrap': True}. Best is trial 41 with value: 0.29339950910818585.
[I 2025-04-08 04:08:31,903] Trial 26 finished with value: 0.2691624238020985 and parameters: {'n_estimators': 178, 'max_depth': 29, 'min_samples_split': 6, 'min_samples_leaf': 15, 'bootstrap': True}. Best is trial 41 with value: 0.29339950910818585.
[I 2025-04-08 04:15:15,482] Trial 24 finished with value: 0.29002494309339644 and parameters: {'n_estimators': 104, 'max_depth': 15, 'min_samples_split': 15, 'min_samples_leaf': 3, 'bootstrap': False}. Best is trial 41 with value: 0.29339950910818585.
[I 2025-04-08 04:21:18,990] Trial 5 finished with value: 0.31632094581766595 and parameters: {'n_estimators': 121, 'max_depth': 41, 'min_samples_split': 18, 'min_samples_leaf': 11, 'bootstrap': False}. Best is trial 5 with value: 0.31632094581766595.
[I 2025-04-08 04:28:02,725] Trial 47 finished with value: 0.26887196278320624 and parameters: {'n_estimators': 165, 'max_depth': 21, 'min_samples_split': 6, 'min_samples_leaf': 1, 'bootstrap': True}. Best is trial 5 with value: 0.31632094581766595.
[I 2025-04-08 04:36:05,325] Trial 38 finished with value: 0.26904282847427974 and parameters: {'n_estimators': 179, 'max_depth': 12, 'min_samples_split': 4, 'min_samples_leaf': 19, 'bootstrap': False}. Best is trial 5 with value: 0.31632094581766595.
[I 2025-04-08 04:41:28,013] Trial 45 finished with value: 0.30574446332608407 and parameters: {'n_estimators': 100, 'max_depth': 31, 'min_samples_split': 9, 'min_samples_leaf': 2, 'bootstrap': False}. Best is trial 5 with value: 0.31632094581766595.
[I 2025-04-08 04:42:44,707] Trial 33 finished with value: 0.3132026732304779 and parameters: {'n_estimators': 165, 'max_depth': 19, 'min_samples_split': 9, 'min_samples_leaf': 15, 'bootstrap': False}. Best is trial 5 with value: 0.31632094581766595.
[I 2025-04-08 04:44:52,282] Trial 16 finished with value: 0.2875901380145819 and parameters: {'n_estimators': 266, 'max_depth': 46, 'min_samples_split': 8, 'min_samples_leaf': 10, 'bootstrap': True}. Best is trial 5 with value: 0.31632094581766595.
[I 2025-04-08 04:45:38,126] Trial 25 finished with value: 0.2488637566202491 and parameters: {'n_estimators': 297, 'max_depth': 14, 'min_samples_split': 7, 'min_samples_leaf': 1, 'bootstrap': True}. Best is trial 5 with value: 0.31632094581766595.
[I 2025-04-08 04:50:32,728] Trial 46 finished with value: 0.3200030522678425 and parameters: {'n_estimators': 177, 'max_depth': 30, 'min_samples_split': 10, 'min_samples_leaf': 14, 'bootstrap': False}. Best is trial 46 with value: 0.3200030522678425.
[I 2025-04-08 04:50:39,863] Trial 8 finished with value: 0.3217288203439126 and parameters: {'n_estimators': 190, 'max_depth': 22, 'min_samples_split': 3, 'min_samples_leaf': 14, 'bootstrap': False}. Best is trial 8 with value: 0.3217288203439126.
[I 2025-04-08 04:50:52,504] Trial 4 finished with value: 0.2826777931877243 and parameters: {'n_estimators': 278, 'max_depth': 19, 'min_samples_split': 16, 'min_samples_leaf': 6, 'bootstrap': True}. Best is trial 8 with value: 0.3217288203439126.
[I 2025-04-08 04:51:00,389] Trial 40 finished with value: 0.24840241531311538 and parameters: {'n_estimators': 391, 'max_depth': 13, 'min_samples_split': 14, 'min_samples_leaf': 20, 'bootstrap': True}. Best is trial 8 with value: 0.3217288203439126.
[I 2025-04-08 04:52:21,874] Trial 18 finished with value: 0.29416842624883927 and parameters: {'n_estimators': 229, 'max_depth': 27, 'min_samples_split': 9, 'min_samples_leaf': 4, 'bootstrap': True}. Best is trial 8 with value: 0.3217288203439126.
[I 2025-04-08 04:52:46,202] Trial 34 finished with value: 0.27312648294683106 and parameters: {'n_estimators': 219, 'max_depth': 12, 'min_samples_split': 17, 'min_samples_leaf': 13, 'bootstrap': False}. Best is trial 8 with value: 0.3217288203439126.
[I 2025-04-08 04:55:32,712] Trial 36 finished with value: 0.2946810174831924 and parameters: {'n_estimators': 271, 'max_depth': 40, 'min_samples_split': 11, 'min_samples_leaf': 7, 'bootstrap': True}. Best is trial 8 with value: 0.3217288203439126.
[I 2025-04-08 04:58:50,375] Trial 23 finished with value: 0.3314424390510301 and parameters: {'n_estimators': 192, 'max_depth': 45, 'min_samples_split': 12, 'min_samples_leaf': 10, 'bootstrap': False}. Best is trial 23 with value: 0.3314424390510301.
[I 2025-04-08 05:06:46,605] Trial 21 finished with value: 0.2921778367146548 and parameters: {'n_estimators': 353, 'max_depth': 29, 'min_samples_split': 6, 'min_samples_leaf': 10, 'bootstrap': True}. Best is trial 23 with value: 0.3314424390510301.
[I 2025-04-08 05:08:03,333] Trial 35 finished with value: 0.2854543081178629 and parameters: {'n_estimators': 376, 'max_depth': 43, 'min_samples_split': 20, 'min_samples_leaf': 13, 'bootstrap': True}. Best is trial 23 with value: 0.3314424390510301.
[I 2025-04-08 05:09:33,774] Trial 19 finished with value: 0.27388681403322834 and parameters: {'n_estimators': 286, 'max_depth': 12, 'min_samples_split': 3, 'min_samples_leaf': 18, 'bootstrap': False}. Best is trial 23 with value: 0.3314424390510301.
[I 2025-04-08 05:09:52,036] Trial 30 finished with value: 0.28642822971147364 and parameters: {'n_estimators': 333, 'max_depth': 19, 'min_samples_split': 2, 'min_samples_leaf': 3, 'bootstrap': True}. Best is trial 23 with value: 0.3314424390510301.
[I 2025-04-08 05:10:25,801] Trial 10 finished with value: 0.28815397625672085 and parameters: {'n_estimators': 384, 'max_depth': 35, 'min_samples_split': 4, 'min_samples_leaf': 12, 'bootstrap': True}. Best is trial 23 with value: 0.3314424390510301.
[I 2025-04-08 05:10:37,348] Trial 29 finished with value: 0.2792946699480857 and parameters: {'n_estimators': 416, 'max_depth': 46, 'min_samples_split': 5, 'min_samples_leaf': 16, 'bootstrap': True}. Best is trial 23 with value: 0.3314424390510301.
[I 2025-04-08 05:11:23,395] Trial 17 finished with value: 0.2725198717178975 and parameters: {'n_estimators': 454, 'max_depth': 21, 'min_samples_split': 5, 'min_samples_leaf': 19, 'bootstrap': True}. Best is trial 23 with value: 0.3314424390510301.
[I 2025-04-08 05:16:03,535] Trial 32 finished with value: 0.29278439247434973 and parameters: {'n_estimators': 415, 'max_depth': 34, 'min_samples_split': 19, 'min_samples_leaf': 11, 'bootstrap': True}. Best is trial 23 with value: 0.3314424390510301.
[I 2025-04-08 05:18:54,664] Trial 7 finished with value: 0.2853346788516284 and parameters: {'n_estimators': 454, 'max_depth': 22, 'min_samples_split': 18, 'min_samples_leaf': 13, 'bootstrap': True}. Best is trial 23 with value: 0.3314424390510301.
[I 2025-04-08 05:19:25,373] Trial 11 finished with value: 0.34363360881899585 and parameters: {'n_estimators': 218, 'max_depth': 31, 'min_samples_split': 17, 'min_samples_leaf': 4, 'bootstrap': False}. Best is trial 11 with value: 0.34363360881899585.
[I 2025-04-08 05:21:27,685] Trial 49 finished with value: 0.29732939263318514 and parameters: {'n_estimators': 421, 'max_depth': 22, 'min_samples_split': 15, 'min_samples_leaf': 7, 'bootstrap': True}. Best is trial 11 with value: 0.34363360881899585.
[I 2025-04-08 05:21:55,408] Trial 31 finished with value: 0.30559923646593 and parameters: {'n_estimators': 363, 'max_depth': 34, 'min_samples_split': 8, 'min_samples_leaf': 5, 'bootstrap': True}. Best is trial 11 with value: 0.34363360881899585.
[I 2025-04-08 05:22:27,749] Trial 2 finished with value: 0.30766665965394385 and parameters: {'n_estimators': 325, 'max_depth': 15, 'min_samples_split': 13, 'min_samples_leaf': 15, 'bootstrap': False}. Best is trial 11 with value: 0.34363360881899585.
[I 2025-04-08 05:23:17,032] Trial 14 finished with value: 0.23393875294678051 and parameters: {'n_estimators': 424, 'max_depth': 10, 'min_samples_split': 19, 'min_samples_leaf': 17, 'bootstrap': False}. Best is trial 11 with value: 0.34363360881899585.
[I 2025-04-08 05:23:17,315] Trial 3 finished with value: 0.28855548997575065 and parameters: {'n_estimators': 495, 'max_depth': 38, 'min_samples_split': 19, 'min_samples_leaf': 13, 'bootstrap': True}. Best is trial 11 with value: 0.34363360881899585.
[I 2025-04-08 05:25:53,472] Trial 1 finished with value: 0.3073505660079287 and parameters: {'n_estimators': 349, 'max_depth': 14, 'min_samples_split': 5, 'min_samples_leaf': 10, 'bootstrap': False}. Best is trial 11 with value: 0.34363360881899585.
[I 2025-04-08 05:29:10,189] Trial 42 finished with value: 0.33022930746053414 and parameters: {'n_estimators': 340, 'max_depth': 17, 'min_samples_split': 20, 'min_samples_leaf': 6, 'bootstrap': False}. Best is trial 11 with value: 0.34363360881899585.
[I 2025-04-08 05:31:00,902] Trial 39 finished with value: 0.2802514865801574 and parameters: {'n_estimators': 448, 'max_depth': 12, 'min_samples_split': 7, 'min_samples_leaf': 7, 'bootstrap': False}. Best is trial 11 with value: 0.34363360881899585.
[I 2025-04-08 05:31:17,777] Trial 13 finished with value: 0.34224105175807285 and parameters: {'n_estimators': 357, 'max_depth': 31, 'min_samples_split': 6, 'min_samples_leaf': 10, 'bootstrap': False}. Best is trial 11 with value: 0.34363360881899585.
[I 2025-04-08 05:32:13,095] Trial 0 finished with value: 0.3430526440844949 and parameters: {'n_estimators': 369, 'max_depth': 30, 'min_samples_split': 9, 'min_samples_leaf': 10, 'bootstrap': False}. Best is trial 11 with value: 0.34363360881899585.
[I 2025-04-08 05:32:20,418] Trial 37 finished with value: 0.293262844946819 and parameters: {'n_estimators': 440, 'max_depth': 13, 'min_samples_split': 11, 'min_samples_leaf': 3, 'bootstrap': False}. Best is trial 11 with value: 0.34363360881899585.
[I 2025-04-08 05:33:54,873] Trial 6 finished with value: 0.32518877979188493 and parameters: {'n_estimators': 479, 'max_depth': 19, 'min_samples_split': 18, 'min_samples_leaf': 16, 'bootstrap': False}. Best is trial 11 with value: 0.34363360881899585.
[I 2025-04-08 05:34:27,040] Trial 27 finished with value: 0.3390886199729657 and parameters: {'n_estimators': 446, 'max_depth': 17, 'min_samples_split': 5, 'min_samples_leaf': 3, 'bootstrap': False}. Best is trial 11 with value: 0.34363360881899585.
/data/anaconda3/envs/speech/lib/python3.13/site-packages/sklearn/metrics/_classification.py:1565: UndefinedMetricWarning: Precision is ill-defined and being set to 0.0 in labels with no predicted samples. Use `zero_division` parameter to control this behavior.
  _warn_prf(average, modifier, f"{metric.capitalize()} is", len(result))
/data/anaconda3/envs/speech/lib/python3.13/site-packages/sklearn/metrics/_classification.py:1565: UndefinedMetricWarning: Precision is ill-defined and being set to 0.0 in labels with no predicted samples. Use `zero_division` parameter to control this behavior.
  _warn_prf(average, modifier, f"{metric.capitalize()} is", len(result))
/data/anaconda3/envs/speech/lib/python3.13/site-packages/sklearn/metrics/_classification.py:1565: UndefinedMetricWarning: Precision is ill-defined and being set to 0.0 in labels with no predicted samples. Use `zero_division` parameter to control this behavior.
  _warn_prf(average, modifier, f"{metric.capitalize()} is", len(result))
Training Data Shape: (117052, 43, 39)
Test Data Shape: (29264, 43, 39)
Study results saved to /data/study_rf/study_results_rf.csv
Best Parameters: {'n_estimators': 218, 'max_depth': 31, 'min_samples_split': 17, 'min_samples_leaf': 4, 'bootstrap': False}
Test Accuracy: 35.99%

Classification Report:
               precision    recall  f1-score   support

           0       0.32      0.29      0.31      1075
           1       0.15      0.77      0.25      1339
           2       0.16      0.73      0.27      1385
           3       0.47      0.38      0.42       967
           4       0.31      0.17      0.22      1064
           5       0.70      0.48      0.57       794
           6       0.35      0.05      0.09       884
           7       0.79      0.33      0.46       731
           8       0.31      0.84      0.46      1138
           9       0.81      0.21      0.34       805
          10       0.79      0.23      0.35       600
          11       0.73      0.35      0.47       729
          12       0.00      0.00      0.00       344
          13       0.96      0.14      0.24       394
          14       0.89      0.17      0.29       594
          15       0.95      0.08      0.15       460
          16       0.83      0.37      0.51       620
          17       1.00      0.02      0.05       498
          18       0.95      0.08      0.15       490
          19       1.00      0.01      0.01       347
          20       0.00      0.00      0.00       119
          21       0.73      0.15      0.25       673
          23       1.00      0.01      0.02       433
          24       0.81      0.11      0.19       606
          25       0.84      0.17      0.29       542
          26       0.69      0.51      0.59       550
          27       0.52      0.86      0.65       572
          28       0.43      0.86      0.58       691
          29       0.89      0.10      0.18       346
          30       0.77      0.22      0.34       379
          31       0.59      0.61      0.60       552
          32       0.75      0.07      0.14       443
          33       0.75      0.22      0.35       393
          34       0.85      0.36      0.51       426
          35       0.83      0.21      0.33       363
          36       0.63      0.16      0.25       391
          37       0.44      0.75      0.55       681
          38       0.70      0.15      0.25       386
          39       0.40      0.35      0.37       620
          40       0.92      0.06      0.11       379
          41       0.72      0.16      0.26       363
          42       0.77      0.61      0.68       456
          43       0.97      0.21      0.34       424
          44       0.68      0.28      0.40       433
          45       0.53      0.43      0.48       510
          46       0.76      0.38      0.50       466
          47       0.89      0.63      0.74       441
          48       0.95      0.06      0.11       359
          49       0.58      0.57      0.58       597
          50       0.84      0.21      0.34       412

    accuracy                           0.36     29264
   macro avg       0.67      0.30      0.33     29264
weighted avg       0.62      0.36      0.35     29264

